<?xml version="1.0" encoding="UTF-8"?>
<!-- Generated by org.testng.reporters.JUnitReportReporter -->
<testsuite hostname="Mukundans-MacBook-Pro-2.local" name="testCases.ExecuteUpgradeTest" tests="3" failures="0" timestamp="24 Jul 2016 08:38:27 GMT" time="23.063" errors="0">
  <testcase name="testUpgradeTest" time="1.679" classname="testCases.ExecuteUpgradeTest"/>
  <testcase name="testUpgradeTest" time="19.714" classname="testCases.ExecuteUpgradeTest"/>
  <testcase name="testUpgradeTest" time="1.670" classname="testCases.ExecuteUpgradeTest"/>
</testsuite> <!-- testCases.ExecuteUpgradeTest -->
